C51 COMPILER V9.57.0.0   TIME                                                              02/19/2022 23:37:22 PAGE 1   


C51 COMPILER V9.57.0.0, COMPILATION OF MODULE TIME
OBJECT MODULE PLACED IN .\build\Target 1\__\APP\Time\Time.o
COMPILER INVOKED BY: D:\keil5\C51\BIN\C51.exe .\..\APP\TIME\TIME.C PRINT(.\build\Target 1\__\APP\Time\Time.lst) OMF2 TAB
                    -S(4) CODE NOCOND SYMBOLS OPTIMIZE(8,SPEED) SMALL ROM(LARGE) INCDIR(D:\keil5\C51\INC\Atmel;.\..\APP;.\..;.\..\APP\ADC;.\.
                    -.\APP\Eeprom;.\..\APP\Fingerprint;.\..\APP\System;.\..\APP\Uart;.\..\APP\WIFI;.\..\APP\LCD;.\..\APP\SPI;.\..\APP\GUI;.\.
                    -.\APP\Time;.\..\APP\H;D:\keil5\C51\INC) DEFINE(__UVISION_VERSION=526) OBJECT(.\build\Target 1\__\APP\Time\Time.o)

line level    source

   1          #include "Time.h"
   2          #include "Uart.h"
   3          
   4          uint xdata times = 0;
   5          uint xdata timesindex = 1;
   6          
   7          void TimeInit()
   8          {
   9   1          AUXR |= 0x80; //定时器时钟1T模式
  10   1          TMOD &= 0xF0; //设置定时器模式
  11   1          TL0 = 0xB4;   //设置定时初始值
  12   1          TH0 = 0xFE;   //设置定时初始值
  13   1          TF0 = 0;      //清除TF0标志
  14   1          TR0 = 1;      //定时器0开始计时
  15   1          ET0 = 1;
  16   1          EA = 1;
  17   1      }
  18          
  19          void Time0() interrupt 1
  20          {
  21   1          times++;
  22   1          if (times < 100)
  23   1          {
  24   2              if (times < timesindex)
  25   2                  PWM = 1;
  26   2              else
  27   2                  PWM = 0;
  28   2          }
  29   1          else
  30   1              times = 0;
  31   1          uart1.UartReadTime(&uart1);
  32   1          uart4.UartReadTime(&uart4);
  33   1      }
C51 COMPILER V9.57.0.0   TIME                                                              02/19/2022 23:37:22 PAGE 2   

ASSEMBLY LISTING OF GENERATED OBJECT CODE


             ; FUNCTION TimeInit (BEGIN)
                                           ; SOURCE LINE # 7
                                           ; SOURCE LINE # 8
                                           ; SOURCE LINE # 9
0000 438E80            ORL     AUXR,#080H
                                           ; SOURCE LINE # 10
0003 5389F0            ANL     TMOD,#0F0H
                                           ; SOURCE LINE # 11
0006 758AB4            MOV     TL0,#0B4H
                                           ; SOURCE LINE # 12
0009 758CFE            MOV     TH0,#0FEH
                                           ; SOURCE LINE # 13
000C C28D              CLR     TF0
                                           ; SOURCE LINE # 14
000E D28C              SETB    TR0
                                           ; SOURCE LINE # 15
0010 D2A9              SETB    ET0
                                           ; SOURCE LINE # 16
0012 D2AF              SETB    EA
                                           ; SOURCE LINE # 17
0014 22                RET     
             ; FUNCTION TimeInit (END)

             ; FUNCTION Time0 (BEGIN)
0000 C0E0              PUSH    ACC
0002 C0F0              PUSH    B
0004 C083              PUSH    DPH
0006 C082              PUSH    DPL
0008 C0D0              PUSH    PSW
000A 75D000            MOV     PSW,#00H
000D C000              PUSH    AR0
000F C001              PUSH    AR1
0011 C002              PUSH    AR2
0013 C003              PUSH    AR3
0015 C004              PUSH    AR4
0017 C005              PUSH    AR5
0019 C006              PUSH    AR6
001B C007              PUSH    AR7
                                           ; SOURCE LINE # 19
                                           ; SOURCE LINE # 21
001D 900000      R     MOV     DPTR,#times+01H
0020 E0                MOVX    A,@DPTR
0021 04                INC     A
0022 F0                MOVX    @DPTR,A
0023 7006              JNZ     ?C0007
0025 900000      R     MOV     DPTR,#times
0028 E0                MOVX    A,@DPTR
0029 04                INC     A
002A F0                MOVX    @DPTR,A
002B         ?C0007:
                                           ; SOURCE LINE # 22
002B 900000      R     MOV     DPTR,#times
002E E0                MOVX    A,@DPTR
002F FE                MOV     R6,A
0030 A3                INC     DPTR
0031 E0                MOVX    A,@DPTR
0032 FF                MOV     R7,A
0033 C3                CLR     C
0034 9464              SUBB    A,#064H
C51 COMPILER V9.57.0.0   TIME                                                              02/19/2022 23:37:22 PAGE 3   

0036 EE                MOV     A,R6
0037 9400              SUBB    A,#00H
0039 5015              JNC     ?C0002
                                           ; SOURCE LINE # 23
                                           ; SOURCE LINE # 24
003B A3                INC     DPTR
003C E0                MOVX    A,@DPTR
003D FC                MOV     R4,A
003E A3                INC     DPTR
003F E0                MOVX    A,@DPTR
0040 FD                MOV     R5,A
0041 C3                CLR     C
0042 EF                MOV     A,R7
0043 9D                SUBB    A,R5
0044 EE                MOV     A,R6
0045 9C                SUBB    A,R4
0046 5004              JNC     ?C0003
                                           ; SOURCE LINE # 25
0048 D2B5              SETB    PWM
004A 800B              SJMP    ?C0005
004C         ?C0003:
                                           ; SOURCE LINE # 27
004C C2B5              CLR     PWM
                                           ; SOURCE LINE # 28
004E 8007              SJMP    ?C0005
0050         ?C0002:
                                           ; SOURCE LINE # 30
0050 900000      R     MOV     DPTR,#times
0053 E4                CLR     A
0054 F0                MOVX    @DPTR,A
0055 A3                INC     DPTR
0056 F0                MOVX    @DPTR,A
0057         ?C0005:
                                           ; SOURCE LINE # 31
0057 7B01              MOV     R3,#01H
0059 7A00        E     MOV     R2,#HIGH uart1
005B 7900        E     MOV     R1,#LOW uart1
005D C002              PUSH    AR2
005F 900000      E     MOV     DPTR,#uart1+057H
0062 A3                INC     DPTR
0063 E0                MOVX    A,@DPTR
0064 FA                MOV     R2,A
0065 A3                INC     DPTR
0066 E0                MOVX    A,@DPTR
0067 F582              MOV     DPL,A
0069 8A83              MOV     DPH,R2
006B D002              POP     AR2
006D 120000      E     LCALL   ?C?ICALL2
                                           ; SOURCE LINE # 32
0070 7B01              MOV     R3,#01H
0072 7A00        E     MOV     R2,#HIGH uart4
0074 7900        E     MOV     R1,#LOW uart4
0076 C002              PUSH    AR2
0078 900000      E     MOV     DPTR,#uart4+057H
007B A3                INC     DPTR
007C E0                MOVX    A,@DPTR
007D FA                MOV     R2,A
007E A3                INC     DPTR
007F E0                MOVX    A,@DPTR
0080 F582              MOV     DPL,A
0082 8A83              MOV     DPH,R2
0084 D002              POP     AR2
C51 COMPILER V9.57.0.0   TIME                                                              02/19/2022 23:37:22 PAGE 4   

0086 120000      E     LCALL   ?C?ICALL2
                                           ; SOURCE LINE # 33
0089 D007              POP     AR7
008B D006              POP     AR6
008D D005              POP     AR5
008F D004              POP     AR4
0091 D003              POP     AR3
0093 D002              POP     AR2
0095 D001              POP     AR1
0097 D000              POP     AR0
0099 D0D0              POP     PSW
009B D082              POP     DPL
009D D083              POP     DPH
009F D0F0              POP     B
00A1 D0E0              POP     ACC
00A3 32                RETI    
             ; FUNCTION Time0 (END)

C51 COMPILER V9.57.0.0   TIME                                                              02/19/2022 23:37:22 PAGE 5   

NAME                                    CLASS   MSPACE  TYPE    OFFSET  SIZE
====                                    =====   ======  ====    ======  ====


P0M1 . . . . . . . . . . . . . . . . .  SFR      DATA   U_CHAR   0093H  1
P1M0 . . . . . . . . . . . . . . . . .  SFR      DATA   U_CHAR   0092H  1
P2M0 . . . . . . . . . . . . . . . . .  SFR      DATA   U_CHAR   0096H  1
P1M1 . . . . . . . . . . . . . . . . .  SFR      DATA   U_CHAR   0091H  1
P0 . . . . . . . . . . . . . . . . . .  SFR      DATA   U_CHAR   0080H  1
P3M0 . . . . . . . . . . . . . . . . .  SFR      DATA   U_CHAR   00B2H  1
P2M1 . . . . . . . . . . . . . . . . .  SFR      DATA   U_CHAR   0095H  1
P1 . . . . . . . . . . . . . . . . . .  SFR      DATA   U_CHAR   0090H  1
P4M0 . . . . . . . . . . . . . . . . .  SFR      DATA   U_CHAR   00B4H  1
P3M1 . . . . . . . . . . . . . . . . .  SFR      DATA   U_CHAR   00B1H  1
P2 . . . . . . . . . . . . . . . . . .  SFR      DATA   U_CHAR   00A0H  1
P5M0 . . . . . . . . . . . . . . . . .  SFR      DATA   U_CHAR   00CAH  1
P4M1 . . . . . . . . . . . . . . . . .  SFR      DATA   U_CHAR   00B3H  1
P3 . . . . . . . . . . . . . . . . . .  SFR      DATA   U_CHAR   00B0H  1
WKTCH. . . . . . . . . . . . . . . . .  SFR      DATA   U_CHAR   00ABH  1
AC . . . . . . . . . . . . . . . . . .  ABSBIT   -----  BIT      00D6H  1
P6M0 . . . . . . . . . . . . . . . . .  SFR      DATA   U_CHAR   00CCH  1
P5M1 . . . . . . . . . . . . . . . . .  SFR      DATA   U_CHAR   00C9H  1
P4 . . . . . . . . . . . . . . . . . .  SFR      DATA   U_CHAR   00C0H  1
P7M0 . . . . . . . . . . . . . . . . .  SFR      DATA   U_CHAR   00E2H  1
P6M1 . . . . . . . . . . . . . . . . .  SFR      DATA   U_CHAR   00CBH  1
P5 . . . . . . . . . . . . . . . . . .  SFR      DATA   U_CHAR   00C8H  1
P6 . . . . . . . . . . . . . . . . . .  SFR      DATA   U_CHAR   00E8H  1
P7M1 . . . . . . . . . . . . . . . . .  SFR      DATA   U_CHAR   00E1H  1
EA . . . . . . . . . . . . . . . . . .  ABSBIT   -----  BIT      00AFH  1
P7 . . . . . . . . . . . . . . . . . .  SFR      DATA   U_CHAR   00F8H  1
WKTCL. . . . . . . . . . . . . . . . .  SFR      DATA   U_CHAR   00AAH  1
SPCTL. . . . . . . . . . . . . . . . .  SFR      DATA   U_CHAR   00CEH  1
P_SW1. . . . . . . . . . . . . . . . .  SFR      DATA   U_CHAR   00A2H  1
P_SW2. . . . . . . . . . . . . . . . .  SFR      DATA   U_CHAR   00BAH  1
DPH1 . . . . . . . . . . . . . . . . .  SFR      DATA   U_CHAR   00E5H  1
EADC . . . . . . . . . . . . . . . . .  ABSBIT   -----  BIT      00ADH  1
IE . . . . . . . . . . . . . . . . . .  SFR      DATA   U_CHAR   00A8H  1
IAP_CMD. . . . . . . . . . . . . . . .  SFR      DATA   U_CHAR   00C5H  1
size_t . . . . . . . . . . . . . . . .  TYPEDEF  -----  U_INT    -----  2
DPL1 . . . . . . . . . . . . . . . . .  SFR      DATA   U_CHAR   00E4H  1
ADC_RES. . . . . . . . . . . . . . . .  SFR      DATA   U_CHAR   00BDH  1
IP2H . . . . . . . . . . . . . . . . .  SFR      DATA   U_CHAR   00B6H  1
IP3H . . . . . . . . . . . . . . . . .  SFR      DATA   U_CHAR   00EEH  1
TA . . . . . . . . . . . . . . . . . .  SFR      DATA   U_CHAR   00AEH  1
uchar. . . . . . . . . . . . . . . . .  TYPEDEF  -----  U_CHAR   -----  1
INTCLKO. . . . . . . . . . . . . . . .  SFR      DATA   U_CHAR   008FH  1
ES . . . . . . . . . . . . . . . . . .  ABSBIT   -----  BIT      00ACH  1
PADC . . . . . . . . . . . . . . . . .  ABSBIT   -----  BIT      00BDH  1
IP . . . . . . . . . . . . . . . . . .  SFR      DATA   U_CHAR   00B8H  1
ADCCFG . . . . . . . . . . . . . . . .  SFR      DATA   U_CHAR   00DEH  1
RI . . . . . . . . . . . . . . . . . .  ABSBIT   -----  BIT      0098H  1
CY . . . . . . . . . . . . . . . . . .  ABSBIT   -----  BIT      00D7H  1
TI . . . . . . . . . . . . . . . . . .  ABSBIT   -----  BIT      0099H  1
Uart . . . . . . . . . . . . . . . . .  TYPEDEF  -----  STRUCT   -----  90
  _uartId. . . . . . . . . . . . . . .  MEMBER   -----  U_CHAR   0000H  1
  _uartWrite . . . . . . . . . . . . .  MEMBER   -----  ARRAY    0001H  16
  _uartRead. . . . . . . . . . . . . .  MEMBER   -----  ARRAY    0011H  48
  _uartSign. . . . . . . . . . . . . .  MEMBER   -----  U_CHAR   0041H  1
  _uartStart . . . . . . . . . . . . .  MEMBER   -----  U_CHAR   0042H  1
  _readFlag. . . . . . . . . . . . . .  MEMBER   -----  U_CHAR   0043H  1
  _uartTime. . . . . . . . . . . . . .  MEMBER   -----  U_INT    0044H  2
C51 COMPILER V9.57.0.0   TIME                                                              02/19/2022 23:37:22 PAGE 6   

NAME                                    CLASS   MSPACE  TYPE    OFFSET  SIZE
====                                    =====   ======  ====    ======  ====


  busy . . . . . . . . . . . . . . . .  MEMBER   -----  U_CHAR   0046H  1
  _baudRate. . . . . . . . . . . . . .  MEMBER   -----  U_LONG   0047H  4
  UartWriteChar. . . . . . . . . . . .  MEMBER   -----  PTR      004BH  3
  UartWriteString. . . . . . . . . . .  MEMBER   -----  PTR      004EH  3
  UartWriteBuffe . . . . . . . . . . .  MEMBER   -----  PTR      0051H  3
  UartRead . . . . . . . . . . . . . .  MEMBER   -----  PTR      0054H  3
  UartReadTime . . . . . . . . . . . .  MEMBER   -----  PTR      0057H  3
IAP_ADDRH. . . . . . . . . . . . . . .  SFR      DATA   U_CHAR   00C3H  1
PS . . . . . . . . . . . . . . . . . .  ABSBIT   -----  BIT      00BCH  1
SP . . . . . . . . . . . . . . . . . .  SFR      DATA   U_CHAR   0081H  1
IAP_ADDRL. . . . . . . . . . . . . . .  SFR      DATA   U_CHAR   00C4H  1
times. . . . . . . . . . . . . . . . .  PUBLIC   XDATA  U_INT    0000H  2
OV . . . . . . . . . . . . . . . . . .  ABSBIT   -----  BIT      00D2H  1
PPCA . . . . . . . . . . . . . . . . .  ABSBIT   -----  BIT      00BFH  1
LIRTRIM. . . . . . . . . . . . . . . .  SFR      DATA   U_CHAR   009EH  1
TimeInit . . . . . . . . . . . . . . .  PUBLIC   CODE   PROC     0000H  -----
CMPCR1 . . . . . . . . . . . . . . . .  SFR      DATA   U_CHAR   00E6H  1
ulong. . . . . . . . . . . . . . . . .  TYPEDEF  -----  U_LONG   -----  4
CMPCR2 . . . . . . . . . . . . . . . .  SFR      DATA   U_CHAR   00E7H  1
ushort . . . . . . . . . . . . . . . .  TYPEDEF  -----  U_INT    -----  2
ELVD . . . . . . . . . . . . . . . . .  ABSBIT   -----  BIT      00AEH  1
u8 . . . . . . . . . . . . . . . . . .  TYPEDEF  -----  U_CHAR   -----  1
P00. . . . . . . . . . . . . . . . . .  ABSBIT   -----  BIT      0080H  1
ADC_CONTR. . . . . . . . . . . . . . .  SFR      DATA   U_CHAR   00BCH  1
SBUF . . . . . . . . . . . . . . . . .  SFR      DATA   U_CHAR   0099H  1
P10. . . . . . . . . . . . . . . . . .  ABSBIT   -----  BIT      0090H  1
PCON . . . . . . . . . . . . . . . . .  SFR      DATA   U_CHAR   0087H  1
P01. . . . . . . . . . . . . . . . . .  ABSBIT   -----  BIT      0081H  1
P20. . . . . . . . . . . . . . . . . .  ABSBIT   -----  BIT      00A0H  1
P11. . . . . . . . . . . . . . . . . .  ABSBIT   -----  BIT      0091H  1
P02. . . . . . . . . . . . . . . . . .  ABSBIT   -----  BIT      0082H  1
IAP_TPS. . . . . . . . . . . . . . . .  SFR      DATA   U_CHAR   00F5H  1
P30. . . . . . . . . . . . . . . . . .  ABSBIT   -----  BIT      00B0H  1
P21. . . . . . . . . . . . . . . . . .  ABSBIT   -----  BIT      00A1H  1
P12. . . . . . . . . . . . . . . . . .  ABSBIT   -----  BIT      0092H  1
P03. . . . . . . . . . . . . . . . . .  ABSBIT   -----  BIT      0083H  1
P40. . . . . . . . . . . . . . . . . .  ABSBIT   -----  BIT      00C0H  1
P31. . . . . . . . . . . . . . . . . .  ABSBIT   -----  BIT      00B1H  1
P22. . . . . . . . . . . . . . . . . .  ABSBIT   -----  BIT      00A2H  1
SCON . . . . . . . . . . . . . . . . .  SFR      DATA   U_CHAR   0098H  1
P13. . . . . . . . . . . . . . . . . .  ABSBIT   -----  BIT      0093H  1
P04. . . . . . . . . . . . . . . . . .  ABSBIT   -----  BIT      0084H  1
P50. . . . . . . . . . . . . . . . . .  ABSBIT   -----  BIT      00C8H  1
P41. . . . . . . . . . . . . . . . . .  ABSBIT   -----  BIT      00C1H  1
P32. . . . . . . . . . . . . . . . . .  ABSBIT   -----  BIT      00B2H  1
P23. . . . . . . . . . . . . . . . . .  ABSBIT   -----  BIT      00A3H  1
P14. . . . . . . . . . . . . . . . . .  ABSBIT   -----  BIT      0094H  1
TMOD . . . . . . . . . . . . . . . . .  SFR      DATA   U_CHAR   0089H  1
TCON . . . . . . . . . . . . . . . . .  SFR      DATA   U_CHAR   0088H  1
P05. . . . . . . . . . . . . . . . . .  ABSBIT   -----  BIT      0085H  1
P51. . . . . . . . . . . . . . . . . .  ABSBIT   -----  BIT      00C9H  1
P42. . . . . . . . . . . . . . . . . .  ABSBIT   -----  BIT      00C2H  1
P33. . . . . . . . . . . . . . . . . .  ABSBIT   -----  BIT      00B3H  1
P24. . . . . . . . . . . . . . . . . .  ABSBIT   -----  BIT      00A4H  1
P15. . . . . . . . . . . . . . . . . .  ABSBIT   -----  BIT      0095H  1
P06. . . . . . . . . . . . . . . . . .  ABSBIT   -----  BIT      0086H  1
P52. . . . . . . . . . . . . . . . . .  ABSBIT   -----  BIT      00CAH  1
C51 COMPILER V9.57.0.0   TIME                                                              02/19/2022 23:37:22 PAGE 7   

NAME                                    CLASS   MSPACE  TYPE    OFFSET  SIZE
====                                    =====   ======  ====    ======  ====


P43. . . . . . . . . . . . . . . . . .  ABSBIT   -----  BIT      00C3H  1
PLVD . . . . . . . . . . . . . . . . .  ABSBIT   -----  BIT      00BEH  1
P34. . . . . . . . . . . . . . . . . .  ABSBIT   -----  BIT      00B4H  1
P25. . . . . . . . . . . . . . . . . .  ABSBIT   -----  BIT      00A5H  1
P16. . . . . . . . . . . . . . . . . .  ABSBIT   -----  BIT      0096H  1
P07. . . . . . . . . . . . . . . . . .  ABSBIT   -----  BIT      0087H  1
P53. . . . . . . . . . . . . . . . . .  ABSBIT   -----  BIT      00CBH  1
P44. . . . . . . . . . . . . . . . . .  ABSBIT   -----  BIT      00C4H  1
P35. . . . . . . . . . . . . . . . . .  ABSBIT   -----  BIT      00B5H  1
P26. . . . . . . . . . . . . . . . . .  ABSBIT   -----  BIT      00A6H  1
P17. . . . . . . . . . . . . . . . . .  ABSBIT   -----  BIT      0097H  1
P54. . . . . . . . . . . . . . . . . .  ABSBIT   -----  BIT      00CCH  1
P45. . . . . . . . . . . . . . . . . .  ABSBIT   -----  BIT      00C5H  1
P36. . . . . . . . . . . . . . . . . .  ABSBIT   -----  BIT      00B6H  1
P27. . . . . . . . . . . . . . . . . .  ABSBIT   -----  BIT      00A7H  1
P55. . . . . . . . . . . . . . . . . .  ABSBIT   -----  BIT      00CDH  1
P46. . . . . . . . . . . . . . . . . .  ABSBIT   -----  BIT      00C6H  1
P37. . . . . . . . . . . . . . . . . .  ABSBIT   -----  BIT      00B7H  1
P56. . . . . . . . . . . . . . . . . .  ABSBIT   -----  BIT      00CEH  1
P47. . . . . . . . . . . . . . . . . .  ABSBIT   -----  BIT      00C7H  1
P57. . . . . . . . . . . . . . . . . .  ABSBIT   -----  BIT      00CFH  1
IE0. . . . . . . . . . . . . . . . . .  ABSBIT   -----  BIT      0089H  1
IE1. . . . . . . . . . . . . . . . . .  ABSBIT   -----  BIT      008BH  1
IE2. . . . . . . . . . . . . . . . . .  SFR      DATA   U_CHAR   00AFH  1
Time0. . . . . . . . . . . . . . . . .  PUBLIC   CODE   PROC     0000H  -----
timesindex . . . . . . . . . . . . . .  PUBLIC   XDATA  U_INT    0002H  2
B. . . . . . . . . . . . . . . . . . .  SFR      DATA   U_CHAR   00F0H  1
AUXR . . . . . . . . . . . . . . . . .  SFR      DATA   U_CHAR   008EH  1
uint . . . . . . . . . . . . . . . . .  TYPEDEF  -----  U_INT    -----  2
USBADR . . . . . . . . . . . . . . . .  SFR      DATA   U_CHAR   00FCH  1
IAP_CONTR. . . . . . . . . . . . . . .  SFR      DATA   U_CHAR   00C7H  1
USBDAT . . . . . . . . . . . . . . . .  SFR      DATA   U_CHAR   00ECH  1
USBCLK . . . . . . . . . . . . . . . .  SFR      DATA   U_CHAR   00DCH  1
ACC. . . . . . . . . . . . . . . . . .  SFR      DATA   U_CHAR   00E0H  1
ET0. . . . . . . . . . . . . . . . . .  ABSBIT   -----  BIT      00A9H  1
ET1. . . . . . . . . . . . . . . . . .  ABSBIT   -----  BIT      00ABH  1
TF0. . . . . . . . . . . . . . . . . .  ABSBIT   -----  BIT      008DH  1
RSTCFG . . . . . . . . . . . . . . . .  SFR      DATA   U_CHAR   00FFH  1
IP2. . . . . . . . . . . . . . . . . .  SFR      DATA   U_CHAR   00B5H  1
TF1. . . . . . . . . . . . . . . . . .  ABSBIT   -----  BIT      008FH  1
UartSet. . . . . . . . . . . . . . . .  * TAG *  -----  STRUCT   -----  90
  _uartId. . . . . . . . . . . . . . .  MEMBER   -----  U_CHAR   0000H  1
  _uartWrite . . . . . . . . . . . . .  MEMBER   -----  ARRAY    0001H  16
  _uartRead. . . . . . . . . . . . . .  MEMBER   -----  ARRAY    0011H  48
  _uartSign. . . . . . . . . . . . . .  MEMBER   -----  U_CHAR   0041H  1
  _uartStart . . . . . . . . . . . . .  MEMBER   -----  U_CHAR   0042H  1
  _readFlag. . . . . . . . . . . . . .  MEMBER   -----  U_CHAR   0043H  1
  _uartTime. . . . . . . . . . . . . .  MEMBER   -----  U_INT    0044H  2
  busy . . . . . . . . . . . . . . . .  MEMBER   -----  U_CHAR   0046H  1
  _baudRate. . . . . . . . . . . . . .  MEMBER   -----  U_LONG   0047H  4
  UartWriteChar. . . . . . . . . . . .  MEMBER   -----  PTR      004BH  3
  UartWriteString. . . . . . . . . . .  MEMBER   -----  PTR      004EH  3
  UartWriteBuffe . . . . . . . . . . .  MEMBER   -----  PTR      0051H  3
  UartRead . . . . . . . . . . . . . .  MEMBER   -----  PTR      0054H  3
  UartReadTime . . . . . . . . . . . .  MEMBER   -----  PTR      0057H  3
USBCON . . . . . . . . . . . . . . . .  SFR      DATA   U_CHAR   00F4H  1
IP3. . . . . . . . . . . . . . . . . .  SFR      DATA   U_CHAR   00DFH  1
C51 COMPILER V9.57.0.0   TIME                                                              02/19/2022 23:37:22 PAGE 8   

NAME                                    CLASS   MSPACE  TYPE    OFFSET  SIZE
====                                    =====   ======  ====    ======  ====


RB8. . . . . . . . . . . . . . . . . .  ABSBIT   -----  BIT      009AH  1
TH0. . . . . . . . . . . . . . . . . .  SFR      DATA   U_CHAR   008CH  1
EX0. . . . . . . . . . . . . . . . . .  ABSBIT   -----  BIT      00A8H  1
TH1. . . . . . . . . . . . . . . . . .  SFR      DATA   U_CHAR   008DH  1
IT0. . . . . . . . . . . . . . . . . .  ABSBIT   -----  BIT      0088H  1
T2H. . . . . . . . . . . . . . . . . .  SFR      DATA   U_CHAR   00D6H  1
EX1. . . . . . . . . . . . . . . . . .  ABSBIT   -----  BIT      00AAH  1
TB8. . . . . . . . . . . . . . . . . .  ABSBIT   -----  BIT      009BH  1
IT1. . . . . . . . . . . . . . . . . .  ABSBIT   -----  BIT      008AH  1
T3H. . . . . . . . . . . . . . . . . .  SFR      DATA   U_CHAR   00D4H  1
P. . . . . . . . . . . . . . . . . . .  ABSBIT   -----  BIT      00D0H  1
T4H. . . . . . . . . . . . . . . . . .  SFR      DATA   U_CHAR   00D2H  1
SM0. . . . . . . . . . . . . . . . . .  ABSBIT   -----  BIT      009FH  1
TL0. . . . . . . . . . . . . . . . . .  SFR      DATA   U_CHAR   008AH  1
SM1. . . . . . . . . . . . . . . . . .  ABSBIT   -----  BIT      009EH  1
TL1. . . . . . . . . . . . . . . . . .  SFR      DATA   U_CHAR   008BH  1
T2L. . . . . . . . . . . . . . . . . .  SFR      DATA   U_CHAR   00D7H  1
SM2. . . . . . . . . . . . . . . . . .  ABSBIT   -----  BIT      009DH  1
T3L. . . . . . . . . . . . . . . . . .  SFR      DATA   U_CHAR   00D5H  1
T4L. . . . . . . . . . . . . . . . . .  SFR      DATA   U_CHAR   00D3H  1
PT0. . . . . . . . . . . . . . . . . .  ABSBIT   -----  BIT      00B9H  1
RS0. . . . . . . . . . . . . . . . . .  ABSBIT   -----  BIT      00D3H  1
PT1. . . . . . . . . . . . . . . . . .  ABSBIT   -----  BIT      00BBH  1
RS1. . . . . . . . . . . . . . . . . .  ABSBIT   -----  BIT      00D4H  1
IAP_DATA . . . . . . . . . . . . . . .  SFR      DATA   U_CHAR   00C2H  1
TR0. . . . . . . . . . . . . . . . . .  ABSBIT   -----  BIT      008CH  1
TR1. . . . . . . . . . . . . . . . . .  ABSBIT   -----  BIT      008EH  1
WDT_CONTR. . . . . . . . . . . . . . .  SFR      DATA   U_CHAR   00C1H  1
PX0. . . . . . . . . . . . . . . . . .  ABSBIT   -----  BIT      00B8H  1
PX1. . . . . . . . . . . . . . . . . .  ABSBIT   -----  BIT      00BAH  1
IRTRIM . . . . . . . . . . . . . . . .  SFR      DATA   U_CHAR   009FH  1
DPH. . . . . . . . . . . . . . . . . .  SFR      DATA   U_CHAR   0083H  1
u16. . . . . . . . . . . . . . . . . .  TYPEDEF  -----  U_INT    -----  2
T4T3M. . . . . . . . . . . . . . . . .  SFR      DATA   U_CHAR   00D1H  1
ADC_RESL . . . . . . . . . . . . . . .  SFR      DATA   U_CHAR   00BEH  1
DPL. . . . . . . . . . . . . . . . . .  SFR      DATA   U_CHAR   0082H  1
SPSTAT . . . . . . . . . . . . . . . .  SFR      DATA   U_CHAR   00CDH  1
IPH. . . . . . . . . . . . . . . . . .  SFR      DATA   U_CHAR   00B7H  1
S2BUF. . . . . . . . . . . . . . . . .  SFR      DATA   U_CHAR   009BH  1
S3BUF. . . . . . . . . . . . . . . . .  SFR      DATA   U_CHAR   00ADH  1
REN. . . . . . . . . . . . . . . . . .  ABSBIT   -----  BIT      009CH  1
S4BUF. . . . . . . . . . . . . . . . .  SFR      DATA   U_CHAR   0085H  1
S2CON. . . . . . . . . . . . . . . . .  SFR      DATA   U_CHAR   009AH  1
DPS. . . . . . . . . . . . . . . . . .  SFR      DATA   U_CHAR   00E3H  1
S3CON. . . . . . . . . . . . . . . . .  SFR      DATA   U_CHAR   00ACH  1
S4CON. . . . . . . . . . . . . . . . .  SFR      DATA   U_CHAR   0084H  1
AUXINTIF . . . . . . . . . . . . . . .  SFR      DATA   U_CHAR   00EFH  1
wchar_t. . . . . . . . . . . . . . . .  TYPEDEF  -----  CHAR     -----  1
SADEN. . . . . . . . . . . . . . . . .  SFR      DATA   U_CHAR   00B9H  1
uart1. . . . . . . . . . . . . . . . .  EXTERN   XDATA  STRUCT   -----  90
SADDR. . . . . . . . . . . . . . . . .  SFR      DATA   U_CHAR   00A9H  1
uart4. . . . . . . . . . . . . . . . .  EXTERN   XDATA  STRUCT   -----  90
IAP_TRIG . . . . . . . . . . . . . . .  SFR      DATA   U_CHAR   00C6H  1
PWM. . . . . . . . . . . . . . . . . .  ABSBIT   -----  BIT      00B5H  1
F0 . . . . . . . . . . . . . . . . . .  ABSBIT   -----  BIT      00D5H  1
IRCBAND. . . . . . . . . . . . . . . .  SFR      DATA   U_CHAR   009DH  1
F1 . . . . . . . . . . . . . . . . . .  ABSBIT   -----  BIT      00D1H  1
C51 COMPILER V9.57.0.0   TIME                                                              02/19/2022 23:37:22 PAGE 9   

NAME                                    CLASS   MSPACE  TYPE    OFFSET  SIZE
====                                    =====   ======  ====    ======  ====


PSW. . . . . . . . . . . . . . . . . .  SFR      DATA   U_CHAR   00D0H  1
SPDAT. . . . . . . . . . . . . . . . .  SFR      DATA   U_CHAR   00CFH  1
P0M0 . . . . . . . . . . . . . . . . .  SFR      DATA   U_CHAR   0094H  1


MODULE INFORMATION:   STATIC OVERLAYABLE
   CODE SIZE        =    188    ----
   CONSTANT SIZE    =   ----    ----
   XDATA SIZE       =      4    ----
   PDATA SIZE       =   ----    ----
   DATA SIZE        =   ----    ----
   IDATA SIZE       =   ----    ----
   BIT SIZE         =   ----    ----
   EDATA SIZE       =   ----    ----
   HDATA SIZE       =   ----    ----
   XDATA CONST SIZE =   ----    ----
   FAR CONST SIZE   =   ----    ----
END OF MODULE INFORMATION.


C51 COMPILATION COMPLETE.  0 WARNING(S),  0 ERROR(S)
