C51 COMPILER V9.57.0.0   FINGERPRINT                                                       01/20/2022 17:48:10 PAGE 1   


C51 COMPILER V9.57.0.0, COMPILATION OF MODULE FINGERPRINT
OBJECT MODULE PLACED IN .\Objects\Fingerprint.obj
COMPILER INVOKED BY: D:\keil5\C51\BIN\C51.EXE ..\APP\Fingerprint\Fingerprint.c COMPACT OPTIMIZE(8,SPEED) BROWSE INCDIR(.
                    -.\APP;..\..\Ğ¬¹ñÖ÷¿Ø;..\APP\ADC;..\APP\Eeprom;..\APP\Fingerprint;..\APP\System;..\APP\System;..\APP\Uart;..\APP\WIFI;..\
                    -APP\LCD;..\APP\SPI;..\APP\GUI;..\APP\Time;..\APP\H) DEBUG OBJECTEXTEND PRINT(.\Listings\Fingerprint.lst) TABS(2) OBJECT(
                    -.\Objects\Fingerprint.obj)

line level    source

   1          #include "Fingerprint.h"
   2          #include "FingerprintError.h"
   3          
   4          Finger xdata Finger1;            //å®ä¾‹åŒ–æŒ‡çº¹å¯¹è±¡
   5          Uart *uart = UartCall(UartPort); //è·å–ç«¯å£å·
   6          
   7          void fingerPower(uchar power)
   8          {
   9   1          fingerpower = power;
  10   1      }
  11          
  12          void FingerUart(uchar num[])
  13          {
  14   1          uchar i;
  15   1          for (i = 0; i < sizeof(num); i++)
  16   1          {
  17   2              uart->UartWriteChar(uart, num[i]);
  18   2          }
  19   1      }
  20          
  21          void FingerInstruction(uchar nums[])
  22          {
  23   1          FingerUart(fingerprintHead); //å‘é€åŒ…å¤´
  24   1          FingerUart(fingerprintAddr); //å‘é€æŒ‡çº¹æ¨¡å—åœ°å€
  25   1          FingerUart(nums);            //å‘é€æŒ‡ä»¤
  26   1          FingerUart(fingerprintSum);  //å‘é€æ ¡éªŒå’Œ
  27   1      }
  28          
  29          void fingerError(uchar errors)
  30          {
  31   1          uchar i;
  32   1          for (i = 0; i < 25; i++) //éå†é”™è¯¯ä¿¡æ¯ç»„
  33   1          {
  34   2              if (FringeErrors[i]._ErrorId == errors) //æŸ¥æ‰¾å¯¹åº”é”™è¯¯ä¿¡æ¯
  35   2              {
  36   3                  //å‘å±å¹•è¾“å‡ºé”™è¯¯ä¿¡æ¯
  37   3                  return;
  38   3              }
  39   2          }
  40   1          //ç¨‹åºæ‰§è¡Œåˆ°æ­¤å¤„è¡¨ç¤ºé”™è¯¯ä¿¡æ¯åœ¨åˆ—è¡¨ä¸­æœªæŸ¥æ‰¾åˆ°ï¼Œæ­¤æ—¶åº”è¾“å‡º"æœªçŸ¥é”™è¯¯"æç¤
             -º!
  41   1      }
  42          
  43          uchar fingerRegistered()
  44          {
  45   1          uchar xdata num[sizeof(fingerprintRegister)]; //å®šä¹‰ä¸æŒ‡çº¹æ³¨å†Œå‘½ä»¤ä¸²ç›¸åŒé•¿åº¦çš„æ•°ç»„
  46   1          switch (Finger1._fingerSwitch)
  47   1          {
  48   2          case 0:
  49   2              numberscopy(num, fingerprintRegister, sizeof(fingerprintRegister)); //å¤åˆ¶å‘½ä»¤ä¸²
  50   2              num[5] = Finger1._fingerId;                                         //è·å–å½“å‰æŒ‡çº¹æ¨¡å—çš„å
             -…è®¸å­˜å‚¨ID
C51 COMPILER V9.57.0.0   FINGERPRINT                                                       01/20/2022 17:48:10 PAGE 2   

  51   2              FingerInstruction(num);                                             //å‘é€æ³¨å†Œå‘½ä»¤
  52   2              Finger1._fingerSwitch = 1;                                          //çŠ¶æ€æœºçŠ¶æ€æ›´æ–°
  53   2              break;
  54   2          case 1:
  55   2              while (uart->_uartRead[10] != 0x03)
  56   2              {
  57   3                  if (uart->_readFlag)
  58   3                  {
  59   4                      uart->_readFlag = 0;
  60   4                      if (uart->_uartRead[10] == 0x02)
  61   4                          ; //è¾“å‡ºè¯·é‡æŒ‰æç¤º
  62   4                  }
  63   3              }
  64   2              if (uart->_uartRead[9] == 0x00)
  65   2                  Finger1._fingerSwitch = 2;
  66   2              else
  67   2                  fingerError(uart->_uartRead[9]); //æ±‡æŠ¥é”™è¯¯ä¿¡æ¯
  68   2      
  69   2              break;
  70   2          case 2:
  71   2              /*  if ()
  72   2              {
  73   2              } */
  74   2              break;
  75   2          }
  76   1          return 0;
  77   1      }
  78          
  79          /* uchar fingerPairing()
  80          {
  81              ;
  82          }
  83          
  84          uchar fingerNumber()
  85          {
  86              ;
  87          } */


MODULE INFORMATION:   STATIC OVERLAYABLE
   CODE SIZE        =    300    ----
   CONSTANT SIZE    =    298    ----
   XDATA SIZE       =     32       8
   PDATA SIZE       =     71       7
   DATA SIZE        =   ----    ----
   IDATA SIZE       =   ----    ----
   BIT SIZE         =   ----    ----
END OF MODULE INFORMATION.


C51 COMPILATION COMPLETE.  0 WARNING(S),  0 ERROR(S)
